<?xml version="1.0" encoding="UTF-8"?>
<!-- Generated by org.testng.reporters.JUnitXMLReporter -->
<testsuite hostname="LAPTOP-JEI8AS0O" ignored="0" name="Test" tests="9" failures="2" timestamp="2020-05-10T14:43:09 EDT" time="56.31" errors="0">
  <testcase name="testOne" time="0.001" classname="testcases_testng.NewTest"/>
  <testcase name="testThree" time="0.0" classname="testcases_testng.NewTest"/>
  <testcase name="testTwo" time="0.0" classname="testcases_testng.NewTest"/>
  <testcase name="test1" time="4.496" classname="testcases_testng.TestcaseOne"/>
  <testcase name="test2" time="4.992" classname="testcases_testng.TestcaseOne"/>
  <testcase name="test3" time="0.001" classname="testcases_testng.TestcaseOne">
    <failure type="java.lang.AssertionError" message="Not yet implemented">
      <![CDATA[java.lang.AssertionError: Not yet implemented
at org.junit.Assert.fail(Assert.java:88)
at testcases_testng.TestcaseOne.test3(TestcaseOne.java:40)
at java.util.ArrayList.forEach(ArrayList.java:1257)
... Removed 36 stack frames]]>
    </failure>
  </testcase> <!-- test3 -->
  <testcase name="checkValidUsername" time="20.59" classname="testcases_testng.TestcaseTwo_browserOnce">
    <failure type="java.lang.AssertionError" message="expected [true] but found [false]">
      <![CDATA[java.lang.AssertionError: expected [true] but found [false]
at testcases_testng.TestcaseTwo_browserOnce.checkValidUsername(TestcaseTwo_browserOnce.java:30)
at java.util.ArrayList.forEach(ArrayList.java:1257)
... Removed 40 stack frames]]>
    </failure>
  </testcase> <!-- checkValidUsername -->
  <testcase name="checkErrorOnWrongCredetial" time="0.953" classname="testcases_testng.TestcaseTwo_browserOnce"/>
  <testcase name="checkWelcomeMessage" time="0.0" classname="testcases_testng.TestcaseTwo_browserOnce">
    <skipped/>
  </testcase> <!-- checkWelcomeMessage -->
</testsuite> <!-- Test -->
