<!DOCTYPE html PUBLIC "-//W3C//DTD XHTML 1.1//EN" "http://www.w3.org/TR/xhtml11/DTD/xhtml11.dtd">
<html xmlns="http://www.w3.org/1999/xhtml">
<head>
<meta http-equiv="content-type" content="text/html; charset=UTF-8"/>
<title>TestNG Report</title>
<style type="text/css">table {margin-bottom:10px;border-collapse:collapse;empty-cells:show}th,td {border:1px solid #009;padding:.25em .5em}th {vertical-align:bottom}td {vertical-align:top}table a {font-weight:bold}.stripe td {background-color: #E6EBF9}.num {text-align:right}.passedodd td {background-color: #3F3}.passedeven td {background-color: #0A0}.skippedodd td {background-color: #DDD}.skippedeven td {background-color: #CCC}.failedodd td,.attn {background-color: #F33}.failedeven td,.stripe .attn {background-color: #D00}.stacktrace {white-space:pre;font-family:monospace}.totop {font-size:85%;text-align:center;border-bottom:2px solid #000}.invisible {display:none}</style>
</head>
<body>
<table>
<tr><th>Test</th><th># Passed</th><th># Skipped</th><th># Retried</th><th># Failed</th><th>Time (ms)</th><th>Included Groups</th><th>Excluded Groups</th></tr>
<tr><th colspan="8">Suite</th></tr>
<tr><td><a href="#t0">Test</a></td><td class="num">6</td><td class="num attn">1</td><td class="num">0</td><td class="num attn">2</td><td class="num">56,310</td><td></td><td></td></tr>
</table>
<table id='summary'><thead><tr><th>Class</th><th>Method</th><th>Start</th><th>Time (ms)</th></tr></thead><tbody><tr><th colspan="4">Suite</th></tr></tbody><tbody id="t0"><tr><th colspan="4">Test &#8212; failed</th></tr><tr class="failedeven"><td rowspan="1">testcases_testng.TestcaseOne</td><td><a href="#m0">test3</a></td><td rowspan="1">1589136162617</td><td rowspan="1">1</td></tr><tr class="failedodd"><td rowspan="1">testcases_testng.TestcaseTwo_browserOnce</td><td><a href="#m1">checkValidUsername</a></td><td rowspan="1">1589136167482</td><td rowspan="1">20590</td></tr><tr><th colspan="4">Test &#8212; skipped</th></tr><tr class="skippedeven"><td rowspan="1">testcases_testng.TestcaseTwo_browserOnce</td><td><a href="#m2">checkWelcomeMessage</a></td><td rowspan="1">1589136189036</td><td rowspan="1">0</td></tr><tr><th colspan="4">Test &#8212; passed</th></tr><tr class="passedeven"><td rowspan="3">testcases_testng.NewTest</td><td><a href="#m3">testOne</a></td><td rowspan="1">1589136133457</td><td rowspan="1">1</td></tr><tr class="passedeven"><td><a href="#m4">testThree</a></td><td rowspan="1">1589136133464</td><td rowspan="1">0</td></tr><tr class="passedeven"><td><a href="#m5">testTwo</a></td><td rowspan="1">1589136133465</td><td rowspan="1">0</td></tr><tr class="passedodd"><td rowspan="2">testcases_testng.TestcaseOne</td><td><a href="#m6">test1</a></td><td rowspan="1">1589136141965</td><td rowspan="1">4496</td></tr><tr class="passedodd"><td><a href="#m7">test2</a></td><td rowspan="1">1589136152282</td><td rowspan="1">4992</td></tr><tr class="passedeven"><td rowspan="1">testcases_testng.TestcaseTwo_browserOnce</td><td><a href="#m8">checkErrorOnWrongCredetial</a></td><td rowspan="1">1589136188072</td><td rowspan="1">953</td></tr></tbody>
</table>
<h2>Test</h2><h3 id="m0">testcases_testng.TestcaseOne#test3</h3><table class="result"><tr><th>Exception</th></tr><tr><td><div class="stacktrace">java.lang.AssertionError: Not yet implemented
	at org.junit.Assert.fail(Assert.java:88)
	at testcases_testng.TestcaseOne.test3(TestcaseOne.java:40)
	at java.util.ArrayList.forEach(ArrayList.java:1257)
... Removed 36 stack frames</div></td></tr></table><p class="totop"><a href="#summary">back to summary</a></p>
<h3 id="m1">testcases_testng.TestcaseTwo_browserOnce#checkValidUsername</h3><table class="result"><tr><th>Exception</th></tr><tr><td><div class="stacktrace">java.lang.AssertionError: expected [true] but found [false]
	at testcases_testng.TestcaseTwo_browserOnce.checkValidUsername(TestcaseTwo_browserOnce.java:30)
	at java.util.ArrayList.forEach(ArrayList.java:1257)
... Removed 40 stack frames</div></td></tr></table><p class="totop"><a href="#summary">back to summary</a></p>
<h3 id="m2">testcases_testng.TestcaseTwo_browserOnce#checkWelcomeMessage</h3><table class="result"><tr><th>Exception</th></tr><tr><td><div class="stacktrace">java.lang.Throwable: Method TestcaseTwo_browserOnce.checkWelcomeMessage()[pri:3, instance:testcases_testng.TestcaseTwo_browserOnce@1ce92674] depends on not successfully finished methods
	at java.util.ArrayList.forEach(ArrayList.java:1257)
... Removed 27 stack frames</div></td></tr></table><p class="totop"><a href="#summary">back to summary</a></p>
<h3 id="m3">testcases_testng.NewTest#testOne</h3><table class="result"><tr><th class="invisible"/></tr></table><p class="totop"><a href="#summary">back to summary</a></p>
<h3 id="m4">testcases_testng.NewTest#testThree</h3><table class="result"><tr><th class="invisible"/></tr></table><p class="totop"><a href="#summary">back to summary</a></p>
<h3 id="m5">testcases_testng.NewTest#testTwo</h3><table class="result"><tr><th class="invisible"/></tr></table><p class="totop"><a href="#summary">back to summary</a></p>
<h3 id="m6">testcases_testng.TestcaseOne#test1</h3><table class="result"><tr><th class="invisible"/></tr></table><p class="totop"><a href="#summary">back to summary</a></p>
<h3 id="m7">testcases_testng.TestcaseOne#test2</h3><table class="result"><tr><th class="invisible"/></tr></table><p class="totop"><a href="#summary">back to summary</a></p>
<h3 id="m8">testcases_testng.TestcaseTwo_browserOnce#checkErrorOnWrongCredetial</h3><table class="result"><tr><th class="invisible"/></tr></table><p class="totop"><a href="#summary">back to summary</a></p>
</body>
</html>
